<?xml version="1.0" encoding="UTF-8"?>
<testsuite xmlns:xsi="http://www.w3.org/2001/XMLSchema-instance" xsi:noNamespaceSchemaLocation="https://maven.apache.org/surefire/maven-surefire-plugin/xsd/surefire-test-report.xsd" version="3.0.2" name="org.cslt.tienda.services.CompraServiceTest" time="0.029" tests="5" errors="0" skipped="0" failures="0" flakes="0">
  <properties>
[...]
</properties>
  <testcase name="updateCompra" classname="org.cslt.tienda.services.CompraServiceTest" time="0.026"/>
  <testcase name="deleteCompra" classname="org.cslt.tienda.services.CompraServiceTest" time="0.0"/>
  <testcase name="getCompraById" classname="org.cslt.tienda.services.CompraServiceTest" time="0.0"/>
  <testcase name="createCompra" classname="org.cslt.tienda.services.CompraServiceTest" time="0.001"/>
  <testcase name="getAllCompras" classname="org.cslt.tienda.services.CompraServiceTest" time="0.0"/>
</testsuite>